<?xml version="1.0" encoding="UTF-8"?>
<testsuite name="com.netspeed.monitor.SpeedFormatterTest" tests="6" skipped="0" failures="0" errors="0" timestamp="2026-08-11T10:27:35.232Z" hostname="Aaloks-Mac-mini.local" time="0.009">
  <properties/>
  <testcase name="formatBitSpeed formats bits correctly" classname="com.netspeed.monitor.SpeedFormatterTest" time="0.0"/>
  <testcase name="formatDataUsage formats cumulative usage" classname="com.netspeed.monitor.SpeedFormatterTest" time="0.001"/>
  <testcase name="formatByteSpeed formats bytes correctly" classname="com.netspeed.monitor.SpeedFormatterTest" time="0.0"/>
  <testcase name="formatCompactSpeed formats number-only status bar icon text correctly" classname="com.netspeed.monitor.SpeedFormatterTest" time="0.0"/>
  <testcase name="formatCombined outputs both directions with directional arrows" classname="com.netspeed.monitor.SpeedFormatterTest" time="0.001"/>
  <testcase name="formatCompactSpeed never exceeds 3 characters" classname="com.netspeed.monitor.SpeedFormatterTest" time="0.006"/>
  <system-out><![CDATA[]]></system-out>
  <system-err><![CDATA[]]></system-err>
</testsuite>
