<?xml version="1.0" encoding="UTF-8"?>
<testsuite name="com.netspeed.monitor.SpeedFormatterTest" tests="7" skipped="0" failures="0" errors="0" timestamp="2026-08-11T10:51:25.714Z" hostname="Aaloks-Mac-mini.local" time="0.005">
  <properties/>
  <testcase name="formatDataUsage and formatDetailedDataUsage format cumulative usage" classname="com.netspeed.monitor.SpeedFormatterTest" time="0.001"/>
  <testcase name="formatNumberOnlySpeed never exceeds 3 characters" classname="com.netspeed.monitor.SpeedFormatterTest" time="0.0"/>
  <testcase name="formatBitSpeed formats bits correctly" classname="com.netspeed.monitor.SpeedFormatterTest" time="0.0"/>
  <testcase name="formatByteSpeed formats bytes correctly" classname="com.netspeed.monitor.SpeedFormatterTest" time="0.0"/>
  <testcase name="formatCompactSpeed formats status bar strings correctly with unit suffix" classname="com.netspeed.monitor.SpeedFormatterTest" time="0.001"/>
  <testcase name="formatCombined outputs both directions with directional arrows" classname="com.netspeed.monitor.SpeedFormatterTest" time="0.0"/>
  <testcase name="formatCompactSpeed never exceeds 4 characters" classname="com.netspeed.monitor.SpeedFormatterTest" time="0.002"/>
  <system-out><![CDATA[]]></system-out>
  <system-err><![CDATA[]]></system-err>
</testsuite>
