<?xml version="1.0" encoding="UTF-8"?>
<testsuite name="com.netspeed.monitor.TrafficTrackerTest" tests="7" skipped="0" failures="0" errors="0" timestamp="2026-08-11T10:51:25.987Z" hostname="Aaloks-Mac-mini.local" time="0.009">
  <properties/>
  <testcase name="rolling moving average absorbs batched zero-delta ticks and eliminates flicker" classname="com.netspeed.monitor.TrafficTrackerTest" time="0.005"/>
  <testcase name="reset clears history correctly after simulated Doze gap" classname="com.netspeed.monitor.TrafficTrackerTest" time="0.0"/>
  <testcase name="first tick returns zero baseline without artificial spike" classname="com.netspeed.monitor.TrafficTrackerTest" time="0.001"/>
  <testcase name="counter reset or device reboot does not produce negative or garbage speed" classname="com.netspeed.monitor.TrafficTrackerTest" time="0.0"/>
  <testcase name="elapsed time correction accurately calculates throughput for non-1000ms intervals" classname="com.netspeed.monitor.TrafficTrackerTest" time="0.0"/>
  <testcase name="min elapsed time guard retains previous snapshot for rapid successive ticks" classname="com.netspeed.monitor.TrafficTrackerTest" time="0.0"/>
  <testcase name="consistent 1MBps transfer over multiple ticks returns stable speed" classname="com.netspeed.monitor.TrafficTrackerTest" time="0.002"/>
  <system-out><![CDATA[]]></system-out>
  <system-err><![CDATA[]]></system-err>
</testsuite>
